[main 0c42d5e] Add update
 6 files changed, 10 insertions(+), 3 deletions(-)
 create mode 100644 benzin.log
To https://github.com/GermanPaul12/Benzinpreise-Analysis-Heidelberg.git
   a8bf908..0c42d5e  main -> main
File successfully pushed to the remote repository.
Traceback (most recent call last):
  File "/home/german/Documents/Coding/Benzinpreise-Analysis-Heidelberg/benzin.py", line 53, in <module>
    prices[0], prices[1], prices[2]
IndexError: list index out of range
[main a47fb15] Add update
 5 files changed, 346 insertions(+)
To https://github.com/GermanPaul12/Benzinpreise-Analysis-Heidelberg.git
   0c42d5e..a47fb15  main -> main
File successfully pushed to the remote repository.
[main d037c1d] Add update
 5 files changed, 341 insertions(+)
To https://github.com/GermanPaul12/Benzinpreise-Analysis-Heidelberg.git
   a47fb15..d037c1d  main -> main
File successfully pushed to the remote repository.
[main 5f12665] Add update
 5 files changed, 341 insertions(+)
To https://github.com/GermanPaul12/Benzinpreise-Analysis-Heidelberg.git
   d037c1d..5f12665  main -> main
File successfully pushed to the remote repository.
[main e45db17] Add update
 5 files changed, 509 insertions(+)
To https://github.com/GermanPaul12/Benzinpreise-Analysis-Heidelberg.git
   5f12665..e45db17  main -> main
File successfully pushed to the remote repository.
