[main a2df63f] Add update
 5 files changed, 246 insertions(+), 1 deletion(-)
To https://github.com/GermanPaul12/Petrol-Price-Scraper-Heidelberg-BeautifulSoup-Requests.git
   586307b..a2df63f  main -> main
File successfully pushed to the remote repository.
[main d586945] Add update
 5 files changed, 341 insertions(+)
To https://github.com/GermanPaul12/Petrol-Price-Scraper-Heidelberg-BeautifulSoup-Requests.git
   a2df63f..d586945  main -> main
File successfully pushed to the remote repository.
[main 9500b1e] Add update
 5 files changed, 502 insertions(+)
To https://github.com/GermanPaul12/Petrol-Price-Scraper-Heidelberg-BeautifulSoup-Requests.git
   d586945..9500b1e  main -> main
File successfully pushed to the remote repository.
[main 52fe289] Add update
 5 files changed, 341 insertions(+)
To https://github.com/GermanPaul12/Petrol-Price-Scraper-Heidelberg-BeautifulSoup-Requests.git
   9500b1e..52fe289  main -> main
File successfully pushed to the remote repository.
[main c696121] Add update
 5 files changed, 341 insertions(+)
To https://github.com/GermanPaul12/Petrol-Price-Scraper-Heidelberg-BeautifulSoup-Requests.git
   52fe289..c696121  main -> main
File successfully pushed to the remote repository.
[main 4629262] Add update
 5 files changed, 509 insertions(+)
To https://github.com/GermanPaul12/Petrol-Price-Scraper-Heidelberg-BeautifulSoup-Requests.git
   c696121..4629262  main -> main
File successfully pushed to the remote repository.
[main 128d2b2] Add update
 5 files changed, 341 insertions(+)
To https://github.com/GermanPaul12/Petrol-Price-Scraper-Heidelberg-BeautifulSoup-Requests.git
   4629262..128d2b2  main -> main
File successfully pushed to the remote repository.
[main be313c0] Add update
 5 files changed, 341 insertions(+)
To https://github.com/GermanPaul12/Petrol-Price-Scraper-Heidelberg-BeautifulSoup-Requests.git
   128d2b2..be313c0  main -> main
File successfully pushed to the remote repository.
[main b7e77e1] Add update
 5 files changed, 509 insertions(+)
To https://github.com/GermanPaul12/Petrol-Price-Scraper-Heidelberg-BeautifulSoup-Requests.git
   be313c0..b7e77e1  main -> main
File successfully pushed to the remote repository.
